  [1m[35m (0.1ms)[0m  [1m[34mSELECT sqlite_version(*)[0m
  ↳ bin/rails:9
  [1m[35m (108.9ms)[0m  [1m[35mCREATE TABLE "schema_migrations" ("version" varchar NOT NULL PRIMARY KEY)[0m
  ↳ bin/rails:9
  [1m[35m (53.1ms)[0m  [1m[35mCREATE TABLE "ar_internal_metadata" ("key" varchar NOT NULL PRIMARY KEY, "value" varchar, "created_at" datetime NOT NULL, "updated_at" datetime NOT NULL)[0m
  ↳ bin/rails:9
  [1m[35m (0.3ms)[0m  [1m[34mSELECT "schema_migrations"."version" FROM "schema_migrations" ORDER BY "schema_migrations"."version" ASC[0m
  ↳ bin/rails:9
Migrating to CreateCars (20200801210006)
  [1m[35m (0.1ms)[0m  [1m[36mbegin transaction[0m
  ↳ bin/rails:9
  [1m[35m (0.5ms)[0m  [1m[35mCREATE TABLE "cars" ("id" integer PRIMARY KEY AUTOINCREMENT NOT NULL, "make" varchar, "model" varchar, "year" integer, "created_at" datetime NOT NULL, "updated_at" datetime NOT NULL)[0m
  ↳ db/migrate/20200801210006_create_cars.rb:3
  [1m[36mActiveRecord::SchemaMigration Create (0.2ms)[0m  [1m[32mINSERT INTO "schema_migrations" ("version") VALUES (?)[0m  [["version", "20200801210006"]]
  ↳ bin/rails:9
  [1m[35m (63.6ms)[0m  [1m[36mcommit transaction[0m
  ↳ bin/rails:9
  [1m[36mActiveRecord::InternalMetadata Load (0.2ms)[0m  [1m[34mSELECT  "ar_internal_metadata".* FROM "ar_internal_metadata" WHERE "ar_internal_metadata"."key" = ? LIMIT ?[0m  [["key", "environment"], ["LIMIT", 1]]
  ↳ bin/rails:9
  [1m[35m (0.1ms)[0m  [1m[36mbegin transaction[0m
  ↳ bin/rails:9
  [1m[36mActiveRecord::InternalMetadata Create (0.3ms)[0m  [1m[32mINSERT INTO "ar_internal_metadata" ("key", "value", "created_at", "updated_at") VALUES (?, ?, ?, ?)[0m  [["key", "environment"], ["value", "development"], ["created_at", "2020-08-01 21:00:29.776384"], ["updated_at", "2020-08-01 21:00:29.776384"]]
  ↳ bin/rails:9
  [1m[35m (40.1ms)[0m  [1m[36mcommit transaction[0m
  ↳ bin/rails:9
  [1m[35m (0.3ms)[0m  [1m[34mSELECT "schema_migrations"."version" FROM "schema_migrations" ORDER BY "schema_migrations"."version" ASC[0m
  ↳ bin/rails:9
Started GET "/cars" for ::1 at 2020-08-01 17:00:57 -0400
  [1m[35m (0.2ms)[0m  [1m[34mSELECT "schema_migrations"."version" FROM "schema_migrations" ORDER BY "schema_migrations"."version" ASC[0m
  ↳ /home/jacob/.rbenv/versions/2.6.5/lib/ruby/gems/2.6.0/gems/activerecord-5.2.4.3/lib/active_record/log_subscriber.rb:98
Processing by CarsController#index as HTML
  Rendering cars/index.html.erb within layouts/application
  [1m[36mCar Load (0.2ms)[0m  [1m[34mSELECT "cars".* FROM "cars"[0m
  ↳ app/views/cars/index.html.erb:16
  Rendered cars/index.html.erb within layouts/application (2.3ms)
Completed 200 OK in 2030ms (Views: 2023.9ms | ActiveRecord: 0.3ms)


Started GET "/cars/new" for ::1 at 2020-08-01 17:01:03 -0400
Processing by CarsController#new as HTML
  Rendering cars/new.html.erb within layouts/application
  Rendered cars/_form.html.erb (15.4ms)
  Rendered cars/new.html.erb within layouts/application (16.9ms)
Completed 200 OK in 48ms (Views: 28.8ms | ActiveRecord: 1.0ms)


Started POST "/cars" for ::1 at 2020-08-01 17:01:24 -0400
Processing by CarsController#create as HTML
  Parameters: {"utf8"=>"✓", "authenticity_token"=>"2NbFOPFFzSaLmfw7mJKrVIbGDru1Q+Rj2PJIw/T7BUlI+kFEGEHYeKpeb1mwPDPtju4dFaHsUKo9V5OZin1NJQ==", "car"=>{"make"=>"Nissan", "model"=>"leaf", "year"=>"1990"}, "commit"=>"Create Car"}
  [1m[35m (0.2ms)[0m  [1m[36mbegin transaction[0m
  ↳ app/controllers/cars_controller.rb:30
  [1m[36mCar Create (0.8ms)[0m  [1m[32mINSERT INTO "cars" ("make", "model", "year", "created_at", "updated_at") VALUES (?, ?, ?, ?, ?)[0m  [["make", "Nissan"], ["model", "leaf"], ["year", 1990], ["created_at", "2020-08-01 21:01:24.827092"], ["updated_at", "2020-08-01 21:01:24.827092"]]
  ↳ app/controllers/cars_controller.rb:30
  [1m[35m (12.0ms)[0m  [1m[36mcommit transaction[0m
  ↳ app/controllers/cars_controller.rb:30
Redirected to http://localhost:3000/cars/1
Completed 302 Found in 26ms (ActiveRecord: 13.0ms)


Started GET "/cars/1" for ::1 at 2020-08-01 17:01:24 -0400
Processing by CarsController#show as HTML
  Parameters: {"id"=>"1"}
  [1m[36mCar Load (0.5ms)[0m  [1m[34mSELECT  "cars".* FROM "cars" WHERE "cars"."id" = ? LIMIT ?[0m  [["id", 1], ["LIMIT", 1]]
  ↳ app/controllers/cars_controller.rb:67
  Rendering cars/show.html.erb within layouts/application
  Rendered cars/show.html.erb within layouts/application (2.5ms)
Completed 200 OK in 55ms (Views: 46.9ms | ActiveRecord: 0.5ms)


Started GET "/cars" for ::1 at 2020-08-01 17:01:34 -0400
Processing by CarsController#index as HTML
  Rendering cars/index.html.erb within layouts/application
  [1m[36mCar Load (0.4ms)[0m  [1m[34mSELECT "cars".* FROM "cars"[0m
  ↳ app/views/cars/index.html.erb:16
  Rendered cars/index.html.erb within layouts/application (4.9ms)
Completed 200 OK in 52ms (Views: 49.0ms | ActiveRecord: 0.4ms)


Started GET "/cars" for ::1 at 2020-08-01 17:01:35 -0400
Processing by CarsController#index as HTML
  Rendering cars/index.html.erb within layouts/application
  [1m[36mCar Load (0.4ms)[0m  [1m[34mSELECT "cars".* FROM "cars"[0m
  ↳ app/views/cars/index.html.erb:16
  Rendered cars/index.html.erb within layouts/application (4.8ms)
Completed 200 OK in 52ms (Views: 49.3ms | ActiveRecord: 0.4ms)


Started GET "/cars" for ::1 at 2020-08-01 17:01:36 -0400
Processing by CarsController#index as HTML
  Rendering cars/index.html.erb within layouts/application
  [1m[36mCar Load (0.3ms)[0m  [1m[34mSELECT "cars".* FROM "cars"[0m
  ↳ app/views/cars/index.html.erb:16
  Rendered cars/index.html.erb within layouts/application (4.7ms)
Completed 200 OK in 43ms (Views: 40.0ms | ActiveRecord: 0.3ms)


Started GET "/cars/new" for ::1 at 2020-08-01 17:01:40 -0400
Processing by CarsController#new as HTML
  Rendering cars/new.html.erb within layouts/application
  Rendered cars/_form.html.erb (3.2ms)
  Rendered cars/new.html.erb within layouts/application (4.6ms)
Completed 200 OK in 37ms (Views: 36.1ms | ActiveRecord: 0.0ms)


Started POST "/cars" for ::1 at 2020-08-01 17:01:50 -0400
Processing by CarsController#create as HTML
  Parameters: {"utf8"=>"✓", "authenticity_token"=>"F3Zy6NyB3FUdO28GpBv/5u3Um5pLr8rUFoOXS0beOHuHWvaUNYXJCzz8/GSMtWdf5fyINF8Afh3zJkwROFhwFw==", "car"=>{"make"=>"mine", "model"=>"now", "year"=>"1999"}, "commit"=>"Create Car"}
  [1m[35m (0.2ms)[0m  [1m[36mbegin transaction[0m
  ↳ app/controllers/cars_controller.rb:30
  [1m[36mCar Create (0.9ms)[0m  [1m[32mINSERT INTO "cars" ("make", "model", "year", "created_at", "updated_at") VALUES (?, ?, ?, ?, ?)[0m  [["make", "mine"], ["model", "now"], ["year", 1999], ["created_at", "2020-08-01 21:01:50.966232"], ["updated_at", "2020-08-01 21:01:50.966232"]]
  ↳ app/controllers/cars_controller.rb:30
  [1m[35m (74.7ms)[0m  [1m[36mcommit transaction[0m
  ↳ app/controllers/cars_controller.rb:30
Redirected to http://localhost:3000/cars/2
Completed 302 Found in 88ms (ActiveRecord: 75.8ms)


Started GET "/cars/2" for ::1 at 2020-08-01 17:01:51 -0400
Processing by CarsController#show as HTML
  Parameters: {"id"=>"2"}
  [1m[36mCar Load (0.4ms)[0m  [1m[34mSELECT  "cars".* FROM "cars" WHERE "cars"."id" = ? LIMIT ?[0m  [["id", 2], ["LIMIT", 1]]
  ↳ app/controllers/cars_controller.rb:67
  Rendering cars/show.html.erb within layouts/application
  Rendered cars/show.html.erb within layouts/application (2.1ms)
Completed 200 OK in 51ms (Views: 46.8ms | ActiveRecord: 0.4ms)


Started GET "/cars" for ::1 at 2020-08-01 17:01:53 -0400
Processing by CarsController#index as HTML
  Rendering cars/index.html.erb within layouts/application
  [1m[36mCar Load (0.4ms)[0m  [1m[34mSELECT "cars".* FROM "cars"[0m
  ↳ app/views/cars/index.html.erb:16
  Rendered cars/index.html.erb within layouts/application (6.3ms)
Completed 200 OK in 39ms (Views: 36.5ms | ActiveRecord: 0.4ms)


Started GET "/cars" for ::1 at 2020-08-03 23:14:22 -0400
  [1m[35m (0.5ms)[0m  [1m[34mSELECT "schema_migrations"."version" FROM "schema_migrations" ORDER BY "schema_migrations"."version" ASC[0m
  ↳ /home/jacob/.rbenv/versions/2.6.5/lib/ruby/gems/2.6.0/gems/activerecord-5.2.4.3/lib/active_record/log_subscriber.rb:98
Processing by CarsController#index as HTML
  Rendering cars/index.html.erb within layouts/application
  [1m[36mCar Load (1.9ms)[0m  [1m[34mSELECT "cars".* FROM "cars"[0m
  ↳ app/views/cars/index.html.erb:16
  Rendered cars/index.html.erb within layouts/application (23.4ms)
Completed 200 OK in 506ms (Views: 476.6ms | ActiveRecord: 3.0ms)


